<?xml version="1.0" encoding="UTF-8"?>
<testng-results ignored="0" total="1" passed="1" failed="0" skipped="0">
  <reporter-output>
  </reporter-output>
  <suite started-at="2023-10-11T10:51:08 IST" name="Default suite" finished-at="2023-10-11T10:52:56 IST" duration-ms="107627">
    <groups>
    </groups>
    <test started-at="2023-10-11T10:51:08 IST" name="Default test" finished-at="2023-10-11T10:52:56 IST" duration-ms="107627">
      <class name="myworks.kalki71.Youtubeviews">
        <test-method signature="openYT()[pri:0, instance:myworks.kalki71.Youtubeviews@50eac852]" started-at="2023-10-11T10:51:08 IST" name="openYT" finished-at="2023-10-11T10:52:56 IST" duration-ms="107588" status="PASS">
          <reporter-output>
          </reporter-output>
        </test-method> <!-- openYT -->
      </class> <!-- myworks.kalki71.Youtubeviews -->
    </test> <!-- Default test -->
  </suite> <!-- Default suite -->
</testng-results>
