<?xml version="1.0" encoding="UTF-8"?>
<testng-results ignored="0" total="1" passed="1" failed="0" skipped="0">
  <reporter-output>
  </reporter-output>
  <suite started-at="2023-10-11T10:05:55 IST" name="Suite" finished-at="2023-10-11T10:06:18 IST" duration-ms="23264">
    <groups>
    </groups>
    <test started-at="2023-10-11T10:05:55 IST" name="Test" finished-at="2023-10-11T10:06:18 IST" duration-ms="23264">
      <class name="myworks.kalki71.Youtubeviews">
        <test-method signature="openYT()[pri:0, instance:myworks.kalki71.Youtubeviews@6ce139a4]" started-at="2023-10-11T10:05:55 IST" name="openYT" finished-at="2023-10-11T10:06:18 IST" duration-ms="23241" status="PASS">
          <reporter-output>
          </reporter-output>
        </test-method> <!-- openYT -->
      </class> <!-- myworks.kalki71.Youtubeviews -->
    </test> <!-- Test -->
  </suite> <!-- Suite -->
</testng-results>
